C:\Program Files\Microsoft Visual Studio\2022\Community\MSBuild\Microsoft\VC\v170\Microsoft.CppBuild.targets(516,5): warning MSB8004: Intermediate Directory does not end with a trailing slash.  This build instance will add the slash as it is required to allow proper evaluation of the Intermediate Directory.
C:\Program Files\Microsoft Visual Studio\2022\Community\MSBuild\Microsoft\VC\v170\Microsoft.CppBuild.targets(517,5): warning MSB8004: Output Directory does not end with a trailing slash.  This build instance will add the slash as it is required to allow proper evaluation of the Output Directory.
C:\Program Files\Microsoft Visual Studio\2022\Community\MSBuild\Microsoft\VC\v170\Microsoft.CppBuild.targets(531,5): warning MSB8028: The intermediate directory (..\..\temp\) contains files shared from another project (GP Framework.vcxproj).  This can lead to incorrect clean and rebuild behavior.
  animatedentity.cpp
  animatedentity.h
  animatedsprite.cpp
  enemy.cpp
  entity.cpp
  explosion.cpp
  explosion.h
  fletchersplayer.cpp
C:\Users\User\Documents\AUT\COMP710\GP_FrameworkGit\GPFramework\source\GP Framework\fletchersplayer.h(16,13): warning C4099: 'b2Vec2': type name first seen using 'struct' now seen using 'class'
C:\Users\User\Documents\AUT\COMP710\GP_FrameworkGit\GPFramework\source\packages\Box2D-cpp.2.4.1.5\build\native\include\box2d\b2_world_callbacks.h(29,8): message : see declaration of 'b2Vec2'
C:\Users\User\Documents\AUT\COMP710\GP_FrameworkGit\GPFramework\source\GP Framework\fletchersplayer.cpp(72,40): warning C4244: 'argument': conversion from 'const float' to 'int', possible loss of data
C:\Users\User\Documents\AUT\COMP710\GP_FrameworkGit\GPFramework\source\GP Framework\fletchersplayer.cpp(73,40): warning C4244: 'argument': conversion from 'const float' to 'int', possible loss of data
  fletchersscene.cpp
C:\Users\User\Documents\AUT\COMP710\GP_FrameworkGit\GPFramework\source\GP Framework\fletchersplayer.h(16,13): warning C4099: 'b2Vec2': type name first seen using 'struct' now seen using 'class'
C:\Users\User\Documents\AUT\COMP710\GP_FrameworkGit\GPFramework\source\packages\Box2D-cpp.2.4.1.5\build\native\include\box2d\b2_world_callbacks.h(29,8): message : see declaration of 'b2Vec2'
C:\Users\User\Documents\AUT\COMP710\GP_FrameworkGit\GPFramework\source\GP Framework\fletchstestblock.h(9,13): warning C4099: 'b2Vec2': type name first seen using 'struct' now seen using 'class'
C:\Users\User\Documents\AUT\COMP710\GP_FrameworkGit\GPFramework\source\GP Framework\fletchersplayer.h(16,7): message : see declaration of 'b2Vec2'
  fletchstestblock.cpp
C:\Users\User\Documents\AUT\COMP710\GP_FrameworkGit\GPFramework\source\GP Framework\fletchstestblock.h(9,13): warning C4099: 'b2Vec2': type name first seen using 'struct' now seen using 'class'
C:\Users\User\Documents\AUT\COMP710\GP_FrameworkGit\GPFramework\source\packages\Box2D-cpp.2.4.1.5\build\native\include\box2d\b2_world_callbacks.h(29,8): message : see declaration of 'b2Vec2'
C:\Users\User\Documents\AUT\COMP710\GP_FrameworkGit\GPFramework\source\GP Framework\fletchstestblock.cpp(55,40): warning C4244: 'argument': conversion from 'const float' to 'int', possible loss of data
C:\Users\User\Documents\AUT\COMP710\GP_FrameworkGit\GPFramework\source\GP Framework\fletchstestblock.cpp(56,40): warning C4244: 'argument': conversion from 'const float' to 'int', possible loss of data
C:\Users\User\Documents\AUT\COMP710\GP_FrameworkGit\GPFramework\source\GP Framework\fletchstestblock.cpp(70,40): warning C4244: 'argument': conversion from 'const float' to 'int', possible loss of data
C:\Users\User\Documents\AUT\COMP710\GP_FrameworkGit\GPFramework\source\GP Framework\fletchstestblock.cpp(71,40): warning C4244: 'argument': conversion from 'const float' to 'int', possible loss of data
  game.cpp
  imgui.cpp
  imgui_demo.cpp
  imgui_draw.cpp
  imgui_impl_opengl3.cpp
  imgui_impl_sdl2.cpp
  imgui_tables.cpp
  imgui_widgets.cpp
  iniparser.cpp
  inputsystem.cpp
  Compiling...
  logmanager.cpp
  main.cpp
  matrix4.cpp
  particle.cpp
C:\Users\User\Documents\AUT\COMP710\GP_FrameworkGit\GPFramework\source\GP Framework\particle.cpp(50,35): warning C4244: 'argument': conversion from 'float' to 'int', possible loss of data
C:\Users\User\Documents\AUT\COMP710\GP_FrameworkGit\GPFramework\source\GP Framework\particle.cpp(51,35): warning C4244: 'argument': conversion from 'float' to 'int', possible loss of data
  particleemitter.cpp
  renderer.cpp
C:\Users\User\Documents\AUT\COMP710\GP_FrameworkGit\GPFramework\source\GP Framework\renderer.cpp(477,18): warning C4305: 'initializing': truncation from 'double' to 'float'
C:\Users\User\Documents\AUT\COMP710\GP_FrameworkGit\GPFramework\source\GP Framework\renderer.cpp(511,18): warning C4305: 'initializing': truncation from 'double' to 'float'
  scene.cpp
  scenebbmainmenu.cpp
C:\Users\User\Documents\AUT\COMP710\GP_FrameworkGit\GPFramework\source\GP Framework\scenebbmainmenu.cpp(49,16): warning C4244: 'initializing': conversion from 'const float' to 'int', possible loss of data
C:\Users\User\Documents\AUT\COMP710\GP_FrameworkGit\GPFramework\source\GP Framework\scenebbmainmenu.cpp(50,16): warning C4244: 'initializing': conversion from 'const float' to 'int', possible loss of data
  scenebbmainmenu.h
  shader.cpp
  soundsystem.cpp
  sprite.cpp
  texture.cpp
  texturemanager.cpp
  uihandler.cpp
  vector2.cpp
  vertexarray.cpp
  xboxcontroller.cpp
..\..\temp\animatedentity.obj : warning LNK4042: object specified more than once; extras ignored
..\..\temp\explosion.obj : warning LNK4042: object specified more than once; extras ignored
..\..\temp\scenebbmainmenu.obj : warning LNK4042: object specified more than once; extras ignored
  Generating code
  Previous IPDB not found, fall back to full compilation.
  All 2489 functions were compiled because no usable IPDB/IOBJ from previous compilation was found.
  Finished generating code
  GP Framework.vcxproj -> C:\Users\User\Documents\AUT\COMP710\GP_FrameworkGit\GPFramework\game\BlockBloke.exe
  C:\Users\User\Documents\AUT\COMP710\GP_FrameworkGit\GPFramework\source\packages\Box2D-cpp.redist.2.4.1.5\build\native\bin\Win32\Release\box2d.dll
  1 File(s) copied
