c:\users\user\documents\aut\comp710\gp_frameworkgit\gpframework\temp\vc143.pdb
c:\users\user\documents\aut\comp710\gp_frameworkgit\gpframework\temp\vc143.idb
c:\users\user\documents\aut\comp710\gp_frameworkgit\gpframework\temp\shield.obj
c:\users\user\documents\aut\comp710\gp_frameworkgit\gpframework\temp\bomb.obj
c:\users\user\documents\aut\comp710\gp_frameworkgit\gpframework\temp\coalwalker.obj
c:\users\user\documents\aut\comp710\gp_frameworkgit\gpframework\temp\blockbloke.obj
c:\users\user\documents\aut\comp710\gp_frameworkgit\gpframework\temp\coalwalkermoving.obj
c:\users\user\documents\aut\comp710\gp_frameworkgit\gpframework\temp\sceneblockbloke.obj
c:\users\user\documents\aut\comp710\gp_frameworkgit\gpframework\temp\enemygenerator.obj
c:\users\user\documents\aut\comp710\gp_frameworkgit\gpframework\temp\fireball.obj
c:\users\user\documents\aut\comp710\gp_frameworkgit\gpframework\temp\explosion.obj
c:\users\user\documents\aut\comp710\gp_frameworkgit\gpframework\temp\entity.obj
c:\users\user\documents\aut\comp710\gp_frameworkgit\gpframework\temp\enemy.obj
c:\users\user\documents\aut\comp710\gp_frameworkgit\gpframework\temp\crate.obj
c:\users\user\documents\aut\comp710\gp_frameworkgit\gpframework\temp\coalwalkerattacking.obj
c:\users\user\documents\aut\comp710\gp_frameworkgit\gpframework\temp\ball.obj
c:\users\user\documents\aut\comp710\gp_frameworkgit\gpframework\temp\b2gldraw.obj
c:\users\user\documents\aut\comp710\gp_frameworkgit\gpframework\temp\b2debugdraw.obj
c:\users\user\documents\aut\comp710\gp_frameworkgit\gpframework\temp\animatedsprite.obj
c:\users\user\documents\aut\comp710\gp_frameworkgit\gpframework\temp\animatedentity.obj
c:\users\user\documents\aut\comp710\gp_frameworkgit\gpframework\temp\scene.obj
c:\users\user\documents\aut\comp710\gp_frameworkgit\gpframework\temp\renderer.obj
c:\users\user\documents\aut\comp710\gp_frameworkgit\gpframework\temp\particleemitter.obj
c:\users\user\documents\aut\comp710\gp_frameworkgit\gpframework\temp\particle.obj
c:\users\user\documents\aut\comp710\gp_frameworkgit\gpframework\temp\matrix4.obj
c:\users\user\documents\aut\comp710\gp_frameworkgit\gpframework\temp\main.obj
c:\users\user\documents\aut\comp710\gp_frameworkgit\gpframework\temp\logmanager.obj
c:\users\user\documents\aut\comp710\gp_frameworkgit\gpframework\temp\lasercannon.obj
c:\users\user\documents\aut\comp710\gp_frameworkgit\gpframework\temp\laserbullet.obj
c:\users\user\documents\aut\comp710\gp_frameworkgit\gpframework\temp\invader.obj
c:\users\user\documents\aut\comp710\gp_frameworkgit\gpframework\temp\inputsystem.obj
c:\users\user\documents\aut\comp710\gp_frameworkgit\gpframework\temp\iniparser.obj
c:\users\user\documents\aut\comp710\gp_frameworkgit\gpframework\temp\imgui_widgets.obj
c:\users\user\documents\aut\comp710\gp_frameworkgit\gpframework\temp\imgui_tables.obj
c:\users\user\documents\aut\comp710\gp_frameworkgit\gpframework\temp\imgui_impl_sdl2.obj
c:\users\user\documents\aut\comp710\gp_frameworkgit\gpframework\temp\imgui_impl_opengl3.obj
c:\users\user\documents\aut\comp710\gp_frameworkgit\gpframework\temp\imgui_draw.obj
c:\users\user\documents\aut\comp710\gp_frameworkgit\gpframework\temp\imgui_demo.obj
c:\users\user\documents\aut\comp710\gp_frameworkgit\gpframework\temp\imgui.obj
c:\users\user\documents\aut\comp710\gp_frameworkgit\gpframework\temp\game.obj
c:\users\user\documents\aut\comp710\gp_frameworkgit\gpframework\temp\xboxcontroller.obj
c:\users\user\documents\aut\comp710\gp_frameworkgit\gpframework\temp\wolfrunner.obj
c:\users\user\documents\aut\comp710\gp_frameworkgit\gpframework\temp\vertexarray.obj
c:\users\user\documents\aut\comp710\gp_frameworkgit\gpframework\temp\vector2.obj
c:\users\user\documents\aut\comp710\gp_frameworkgit\gpframework\temp\uihandler.obj
c:\users\user\documents\aut\comp710\gp_frameworkgit\gpframework\temp\texturemanager.obj
c:\users\user\documents\aut\comp710\gp_frameworkgit\gpframework\temp\texture.obj
c:\users\user\documents\aut\comp710\gp_frameworkgit\gpframework\temp\sprite.obj
c:\users\user\documents\aut\comp710\gp_frameworkgit\gpframework\temp\soundsystem.obj
c:\users\user\documents\aut\comp710\gp_frameworkgit\gpframework\temp\shader.obj
c:\users\user\documents\aut\comp710\gp_frameworkgit\gpframework\temp\scenespaceinvadersclone.obj
c:\users\user\documents\aut\comp710\gp_frameworkgit\gpframework\temp\scenecheckerboards.obj
c:\users\user\documents\aut\comp710\gp_frameworkgit\gpframework\temp\scenebox2dtest.obj
c:\users\user\documents\aut\comp710\gp_frameworkgit\gpframework\temp\scenebouncingballs.obj
c:\users\user\documents\aut\comp710\gp_frameworkgit\gpframework\temp\sceneballgame.obj
c:\users\user\documents\aut\comp710\gp_frameworkgit\gpframework\temp\gp framework.ipdb
c:\users\user\documents\aut\comp710\gp_frameworkgit\gpframework\temp\gp framework.iobj
c:\users\user\documents\aut\comp710\gp_frameworkgit\gpframework\source\..\temp\gp framework.vcxproj.filelistabsolute.txt
c:\users\user\documents\aut\comp710\gp_frameworkgit\gpframework\temp\gp framework.tlog\cl.command.1.tlog
c:\users\user\documents\aut\comp710\gp_frameworkgit\gpframework\temp\gp framework.tlog\cl.items.tlog
c:\users\user\documents\aut\comp710\gp_frameworkgit\gpframework\temp\gp framework.tlog\cl.read.1.tlog
c:\users\user\documents\aut\comp710\gp_frameworkgit\gpframework\temp\gp framework.tlog\cl.write.1.tlog
c:\users\user\documents\aut\comp710\gp_frameworkgit\gpframework\temp\gp framework.tlog\link.45696-cvtres.read.1.tlog
c:\users\user\documents\aut\comp710\gp_frameworkgit\gpframework\temp\gp framework.tlog\link.45696-cvtres.write.1.tlog
c:\users\user\documents\aut\comp710\gp_frameworkgit\gpframework\temp\gp framework.tlog\link.45696-rc.read.1.tlog
c:\users\user\documents\aut\comp710\gp_frameworkgit\gpframework\temp\gp framework.tlog\link.45696-rc.write.1.tlog
c:\users\user\documents\aut\comp710\gp_frameworkgit\gpframework\temp\gp framework.tlog\link.45696.read.1.tlog
c:\users\user\documents\aut\comp710\gp_frameworkgit\gpframework\temp\gp framework.tlog\link.45696.write.1.tlog
c:\users\user\documents\aut\comp710\gp_frameworkgit\gpframework\temp\gp framework.tlog\link.command.1.tlog
c:\users\user\documents\aut\comp710\gp_frameworkgit\gpframework\temp\gp framework.tlog\link.read.1.tlog
c:\users\user\documents\aut\comp710\gp_frameworkgit\gpframework\temp\gp framework.tlog\link.write.1.tlog
c:\users\user\documents\aut\comp710\gp_frameworkgit\gpframework\temp\gp framework.tlog\..\..\game\gp framework_debug.pdb
