  animatedsprite.cpp
  ball.cpp
C:\Users\fpool\Documents\AUT\Year3\COMP710\GPFramework\source\GP Framework\renderer.h(13,10): error C1083: Cannot open include file: 'SDL.h': No such file or directory
C:\Users\fpool\Documents\AUT\Year3\COMP710\GPFramework\source\GP Framework\renderer.h(13,10): error C1083: Cannot open include file: 'SDL.h': No such file or directory
  crate.cpp
C:\Users\fpool\Documents\AUT\Year3\COMP710\GPFramework\source\GP Framework\crate.h(4,10): error C1083: Cannot open include file: 'box2d.h': No such file or directory
  entity.cpp
C:\Users\fpool\Documents\AUT\Year3\COMP710\GPFramework\source\GP Framework\renderer.h(13,10): error C1083: Cannot open include file: 'SDL.h': No such file or directory
  game.cpp
C:\Users\fpool\Documents\AUT\Year3\COMP710\GPFramework\source\GP Framework\renderer.h(13,10): error C1083: Cannot open include file: 'SDL.h': No such file or directory
  imgui.cpp
  imgui_demo.cpp
  imgui_draw.cpp
  imgui_impl_opengl3.cpp
  imgui_impl_sdl2.cpp
C:\Users\fpool\Documents\AUT\Year3\COMP710\GPFramework\source\GP Framework\imgui\imgui_impl_sdl2.cpp(93,10): error C1083: Cannot open include file: 'SDL.h': No such file or directory
  imgui_tables.cpp
  imgui_widgets.cpp
  iniparser.cpp
C:\Users\fpool\Documents\AUT\Year3\COMP710\GPFramework\source\GP Framework\iniparser.cpp(32,17): warning C4267: 'initializing': conversion from 'size_t' to 'int', possible loss of data
  inputsystem.cpp
C:\Users\fpool\Documents\AUT\Year3\COMP710\GPFramework\source\GP Framework\inputsystem.h(6,10): error C1083: Cannot open include file: 'SDL.h': No such file or directory
  invader.cpp
C:\Users\fpool\Documents\AUT\Year3\COMP710\GPFramework\source\GP Framework\renderer.h(13,10): error C1083: Cannot open include file: 'SDL.h': No such file or directory
  laserbullet.cpp
C:\Users\fpool\Documents\AUT\Year3\COMP710\GPFramework\source\GP Framework\renderer.h(13,10): error C1083: Cannot open include file: 'SDL.h': No such file or directory
  lasercannon.cpp
C:\Users\fpool\Documents\AUT\Year3\COMP710\GPFramework\source\GP Framework\renderer.h(13,10): error C1083: Cannot open include file: 'SDL.h': No such file or directory
  logmanager.cpp
  main.cpp
C:\Users\fpool\Documents\AUT\Year3\COMP710\GPFramework\source\GP Framework\main.cpp(1,10): error C1083: Cannot open include file: 'SDL.h': No such file or directory
  matrix4.cpp
  Generating Code...
  Compiling...
  particle.cpp
C:\Users\fpool\Documents\AUT\Year3\COMP710\GPFramework\source\GP Framework\renderer.h(13,10): error C1083: Cannot open include file: 'SDL.h': No such file or directory
  particleemitter.cpp
C:\Users\fpool\Documents\AUT\Year3\COMP710\GPFramework\source\GP Framework\renderer.h(13,10): error C1083: Cannot open include file: 'SDL.h': No such file or directory
  renderer.cpp
C:\Users\fpool\Documents\AUT\Year3\COMP710\GPFramework\source\GP Framework\renderer.h(13,10): error C1083: Cannot open include file: 'SDL.h': No such file or directory
  scene.cpp
C:\Users\fpool\Documents\AUT\Year3\COMP710\GPFramework\source\GP Framework\renderer.h(13,10): error C1083: Cannot open include file: 'SDL.h': No such file or directory
  sceneballgame.cpp
C:\Users\fpool\Documents\AUT\Year3\COMP710\GPFramework\source\GP Framework\sceneballgame.cpp(12,3): warning C4150: deletion of pointer to incomplete type 'Ball'; no destructor called
C:\Users\fpool\Documents\AUT\Year3\COMP710\GPFramework\source\GP Framework\sceneballgame.cpp(17,3): warning C4150: deletion of pointer to incomplete type 'Ball'; no destructor called
C:\Users\fpool\Documents\AUT\Year3\COMP710\GPFramework\source\GP Framework\sceneballgame.cpp(20,2): warning C4150: deletion of pointer to incomplete type 'Ball'; no destructor called
  scenebouncingballs.h
  scenebouncingballs.cpp
C:\Users\fpool\Documents\AUT\Year3\COMP710\GPFramework\source\GP Framework\renderer.h(13,10): error C1083: Cannot open include file: 'SDL.h': No such file or directory
  scenebox2dtest.cpp
C:\Users\fpool\Documents\AUT\Year3\COMP710\GPFramework\source\GP Framework\scenebox2dtest.cpp(3,10): error C1083: Cannot open include file: 'box2d.h': No such file or directory
  scenecheckerboards.cpp
C:\Users\fpool\Documents\AUT\Year3\COMP710\GPFramework\source\GP Framework\renderer.h(13,10): error C1083: Cannot open include file: 'SDL.h': No such file or directory
  scenespaceinvadersclone.cpp
C:\Users\fpool\Documents\AUT\Year3\COMP710\GPFramework\source\GP Framework\renderer.h(13,10): error C1083: Cannot open include file: 'SDL.h': No such file or directory
  shader.cpp
C:\Users\fpool\Documents\AUT\Year3\COMP710\GPFramework\source\GP Framework\shader.h(4,10): error C1083: Cannot open include file: 'glew.h': No such file or directory
  soundsystem.cpp
C:\Users\fpool\Documents\AUT\Year3\COMP710\GPFramework\source\GP Framework\soundsystem.h(5,10): error C1083: Cannot open include file: 'fmod.hpp': No such file or directory
  sprite.cpp
C:\Users\fpool\Documents\AUT\Year3\COMP710\GPFramework\source\GP Framework\renderer.h(13,10): error C1083: Cannot open include file: 'SDL.h': No such file or directory
  texture.cpp
C:\Users\fpool\Documents\AUT\Year3\COMP710\GPFramework\source\GP Framework\texture.h(4,10): error C1083: Cannot open include file: 'SDL_surface.h': No such file or directory
  texturemanager.cpp
C:\Users\fpool\Documents\AUT\Year3\COMP710\GPFramework\source\GP Framework\texture.h(4,10): error C1083: Cannot open include file: 'SDL_surface.h': No such file or directory
  vector2.cpp
C:\Users\fpool\Documents\AUT\Year3\COMP710\GPFramework\source\GP Framework\renderer.h(13,10): error C1083: Cannot open include file: 'SDL.h': No such file or directory
  vertexarray.cpp
C:\Users\fpool\Documents\AUT\Year3\COMP710\GPFramework\source\GP Framework\vertexarray.cpp(3,10): error C1083: Cannot open include file: 'glew.h': No such file or directory
  xboxcontroller.cpp
C:\Users\fpool\Documents\AUT\Year3\COMP710\GPFramework\source\GP Framework\inputsystem.h(6,10): error C1083: Cannot open include file: 'SDL.h': No such file or directory
  Generating Code...
